<?xml version="1.0" encoding="UTF-8"?>
<testsuite xmlns:xsi="http://www.w3.org/2001/XMLSchema-instance" xsi:noNamespaceSchemaLocation="https://maven.apache.org/surefire/maven-surefire-plugin/xsd/surefire-test-report-3.0.xsd" version="3.0" name="com.revature.service.AuthorizationServiceTest" time="0.147" tests="10" errors="0" skipped="0" failures="0">
  <properties>
[...]
</properties>
  <testcase name="authorizeEmployee_negativeTest_userIsNull" classname="com.revature.service.AuthorizationServiceTest" time="0.088"/>
  <testcase name="authorizeEmployee_positveTest_userIsEmployee" classname="com.revature.service.AuthorizationServiceTest" time="0.002"/>
  <testcase name="authorizeEmployeeAndFinanceManager_negativeTest_userIsNotFinanceManagerOrEmployee" classname="com.revature.service.AuthorizationServiceTest" time="0.002"/>
  <testcase name="authorizeFinanceManager_positveTest_userIsFinanceManager" classname="com.revature.service.AuthorizationServiceTest" time="0.001"/>
  <testcase name="authorizeEmployee_negativeTest_userIsNotAnEmployee" classname="com.revature.service.AuthorizationServiceTest" time="0.003"/>
  <testcase name="authorizeEmployeeAndFinanceManager_positveTest_userIsNull" classname="com.revature.service.AuthorizationServiceTest" time="0.004"/>
  <testcase name="authorizeEmployeeAndFinanceManager_positveTest_userIsFinanceManager" classname="com.revature.service.AuthorizationServiceTest" time="0.002"/>
  <testcase name="authorizeFinanceManager_negativeTest_userIsNull" classname="com.revature.service.AuthorizationServiceTest" time="0.002"/>
  <testcase name="authorizeFinanceManager_negativeTest_userIsNotAFinanceManager" classname="com.revature.service.AuthorizationServiceTest" time="0.002"/>
  <testcase name="authorizeEmployeeAndFinanceManager_positveTest_userIsEmployee" classname="com.revature.service.AuthorizationServiceTest" time="0.002"/>
</testsuite>